
2024-02-08 01:03:30 : info: successfully started the server
2024-02-08 01:03:41 : info: successfully started the server
2024-02-08 01:05:37 : info: successfully started the server
2024-02-08 01:05:57 : info: successfully started the server
2024-02-08 01:08:01 : info: successfully started the server
2024-02-08 01:08:05 : error: something wrong while creating model
2024-02-08 01:08:48 : info: successfully started the server
2024-02-08 01:09:05 : info: successfully started the server
2024-02-08 01:09:34 : info: successfully started the server
2024-02-08 01:09:37 : error: something wrong while creating model
2024-02-08 01:10:11 : info: successfully started the server
2024-02-08 01:10:13 : error: something wrong while creating model
2024-02-08 01:12:51 : info: successfully started the server
2024-02-08 01:12:53 : error: something wrong while creating model
2024-02-08 01:13:31 : info: successfully started the server
2024-02-08 01:13:33 : error: something wrong while creating model
2024-02-08 01:13:52 : info: successfully started the server
2024-02-08 01:13:56 : error: something wrong while creating model inside crud-repo
2024-02-08 01:14:47 : info: successfully started the server
2024-02-08 01:15:11 : error: something wrong while creating model inside crud-repo
2024-02-08 01:18:00 : info: successfully started the server
2024-02-08 01:18:01 : error: something wrong while creating model inside crud-repo
2024-02-08 01:19:04 : error: something wrong while creating model inside crud-repo
2024-02-08 01:19:05 : error: something wrong while creating model inside crud-repo
2024-02-07 20:02:53 : info: successfully started the server
2024-02-07 20:04:08 : info: successfully started the server
2024-02-07 20:04:13 : info: successfully started the server
2024-02-08 01:41:36 : info: successfully started the server
2024-02-08 01:41:38 : info: successfully started the server
2024-02-08 01:41:58 : info: successfully started the server
2024-02-08 01:42:30 : info: successfully started the server
2024-02-08 01:42:34 : info: successfully started the server
2024-02-08 01:45:16 : info: successfully started the server
2024-02-08 01:47:50 : info: successfully started the server
2024-02-08 01:47:52 : info: successfully started the server
2024-02-08 01:47:53 : info: successfully started the server
2024-02-08 01:48:26 : error: something wrong while creating model inside crud-repo
2024-02-08 01:50:05 : error: something wrong while creating model inside crud-repo
2024-02-08 01:53:52 : info: successfully started the server
2024-02-08 01:54:29 : info: successfully started the server
